<?xml version="1.0" encoding="UTF-8"?>
<!-- Generated by org.testng.reporters.JUnitReportReporter -->
<testsuite skipped="0" hostname="LAPTOP-0KMM1L6H" name="com.vcentry.hrm.testcase.AddDeleteEmp" tests="2" failures="0" timestamp="2022-06-28T11:09:18 IST" time="24.276" errors="0">
  <testcase name="addEmp" time="13.505" classname="com.vcentry.hrm.testcase.AddDeleteEmp"/>
  <system-out/>
  <testcase name="deleteEmp" time="10.771" classname="com.vcentry.hrm.testcase.AddDeleteEmp"/>
  <system-out/>
</testsuite> <!-- com.vcentry.hrm.testcase.AddDeleteEmp -->
