<?xml version="1.0" encoding="UTF-8"?>
<!-- Generated by org.testng.reporters.JUnitReportReporter -->
<testsuite skipped="1" hostname="LAPTOP-0KMM1L6H" name="com.vcentry.hrm.testcase.LoginTest" tests="2" failures="0" timestamp="2022-06-28T11:09:18 IST" time="29.847" errors="0">
  <testcase name="loginWithValidCredentials" time="29.847" classname="com.vcentry.hrm.testcase.LoginTest"/>
  <system-out/>
  <testcase name="loginWithInValidCredentials" classname="com.vcentry.hrm.testcase.LoginTest">
    <skipped/>
  </testcase> <!-- loginWithInValidCredentials -->
  <system-out/>
</testsuite> <!-- com.vcentry.hrm.testcase.LoginTest -->
